24/08/02 02:26:05 INFO SparkContext: Running Spark version 3.5.1
24/08/02 02:26:05 INFO SparkContext: OS info Linux, 6.5.0-45-generic, amd64
24/08/02 02:26:05 INFO SparkContext: Java version 11.0.23
24/08/02 02:26:06 WARN NativeCodeLoader: Unable to load native-hadoop library for your platform... using builtin-java classes where applicable
24/08/02 02:26:06 INFO ResourceUtils: ==============================================================
24/08/02 02:26:06 INFO ResourceUtils: No custom resources configured for spark.driver.
24/08/02 02:26:06 INFO ResourceUtils: ==============================================================
24/08/02 02:26:06 INFO SparkContext: Submitted application: minio-nessie-test-without-kafka
24/08/02 02:26:06 INFO ResourceProfile: Default ResourceProfile created, executor resources: Map(cores -> name: cores, amount: 1, script: , vendor: , memory -> name: memory, amount: 1024, script: , vendor: , offHeap -> name: offHeap, amount: 0, script: , vendor: ), task resources: Map(cpus -> name: cpus, amount: 1.0)
24/08/02 02:26:06 INFO ResourceProfile: Limiting resource is cpu
24/08/02 02:26:06 INFO ResourceProfileManager: Added ResourceProfile id: 0
24/08/02 02:26:06 INFO SecurityManager: Changing view acls to: root
24/08/02 02:26:06 INFO SecurityManager: Changing modify acls to: root
24/08/02 02:26:06 INFO SecurityManager: Changing view acls groups to: 
24/08/02 02:26:06 INFO SecurityManager: Changing modify acls groups to: 
24/08/02 02:26:06 INFO SecurityManager: SecurityManager: authentication disabled; ui acls disabled; users with view permissions: root; groups with view permissions: EMPTY; users with modify permissions: root; groups with modify permissions: EMPTY
24/08/02 02:26:06 INFO Utils: Successfully started service 'sparkDriver' on port 44709.
24/08/02 02:26:06 INFO SparkEnv: Registering MapOutputTracker
24/08/02 02:26:06 INFO SparkEnv: Registering BlockManagerMaster
24/08/02 02:26:06 INFO BlockManagerMasterEndpoint: Using org.apache.spark.storage.DefaultTopologyMapper for getting topology information
24/08/02 02:26:06 INFO BlockManagerMasterEndpoint: BlockManagerMasterEndpoint up
24/08/02 02:26:06 INFO SparkEnv: Registering BlockManagerMasterHeartbeat
24/08/02 02:26:06 INFO DiskBlockManager: Created local directory at /tmp/blockmgr-3f6e5593-7f1b-4f94-9197-a8fda3d1965c
24/08/02 02:26:06 INFO MemoryStore: MemoryStore started with capacity 434.4 MiB
24/08/02 02:26:07 INFO SparkEnv: Registering OutputCommitCoordinator
24/08/02 02:26:07 INFO JettyUtils: Start Jetty 0.0.0.0:4040 for SparkUI
24/08/02 02:26:07 WARN Utils: Service 'SparkUI' could not bind on port 4040. Attempting port 4041.
24/08/02 02:26:07 INFO Utils: Successfully started service 'SparkUI' on port 4041.
24/08/02 02:26:07 INFO Executor: Starting executor ID driver on host 25b4daa2e4d0
24/08/02 02:26:07 INFO Executor: OS info Linux, 6.5.0-45-generic, amd64
24/08/02 02:26:07 INFO Executor: Java version 11.0.23
24/08/02 02:26:07 INFO Executor: Starting executor with user classpath (userClassPathFirst = false): ''
24/08/02 02:26:07 INFO Executor: Created or updated repl class loader org.apache.spark.util.MutableURLClassLoader@500a3466 for default.
24/08/02 02:26:07 INFO Utils: Successfully started service 'org.apache.spark.network.netty.NettyBlockTransferService' on port 33627.
24/08/02 02:26:07 INFO NettyBlockTransferService: Server created on 25b4daa2e4d0:33627
24/08/02 02:26:07 INFO BlockManager: Using org.apache.spark.storage.RandomBlockReplicationPolicy for block replication policy
24/08/02 02:26:07 INFO BlockManagerMaster: Registering BlockManager BlockManagerId(driver, 25b4daa2e4d0, 33627, None)
24/08/02 02:26:07 INFO BlockManagerMasterEndpoint: Registering block manager 25b4daa2e4d0:33627 with 434.4 MiB RAM, BlockManagerId(driver, 25b4daa2e4d0, 33627, None)
24/08/02 02:26:07 INFO BlockManagerMaster: Registered BlockManager BlockManagerId(driver, 25b4daa2e4d0, 33627, None)
24/08/02 02:26:07 INFO BlockManager: Initialized BlockManager: BlockManagerId(driver, 25b4daa2e4d0, 33627, None)
24/08/02 02:26:07 INFO SharedState: Setting hive.metastore.warehouse.dir ('null') to the value of spark.sql.warehouse.dir.
24/08/02 02:26:07 INFO SharedState: Warehouse path is 'file:/opt/spark/spark-warehouse'.
24/08/02 02:26:12 INFO CodeGenerator: Code generated in 181.139645 ms
24/08/02 02:26:12 INFO SparkContext: Starting job: json at NativeMethodAccessorImpl.java:0
24/08/02 02:26:12 INFO DAGScheduler: Got job 0 (json at NativeMethodAccessorImpl.java:0) with 8 output partitions
24/08/02 02:26:12 INFO DAGScheduler: Final stage: ResultStage 0 (json at NativeMethodAccessorImpl.java:0)
24/08/02 02:26:12 INFO DAGScheduler: Parents of final stage: List()
24/08/02 02:26:12 INFO DAGScheduler: Missing parents: List()
24/08/02 02:26:12 INFO DAGScheduler: Submitting ResultStage 0 (MapPartitionsRDD[6] at json at NativeMethodAccessorImpl.java:0), which has no missing parents
24/08/02 02:26:12 INFO MemoryStore: Block broadcast_0 stored as values in memory (estimated size 21.3 KiB, free 434.4 MiB)
24/08/02 02:26:12 INFO MemoryStore: Block broadcast_0_piece0 stored as bytes in memory (estimated size 10.3 KiB, free 434.4 MiB)
24/08/02 02:26:12 INFO BlockManagerInfo: Added broadcast_0_piece0 in memory on 25b4daa2e4d0:33627 (size: 10.3 KiB, free: 434.4 MiB)
24/08/02 02:26:12 INFO SparkContext: Created broadcast 0 from broadcast at DAGScheduler.scala:1585
24/08/02 02:26:12 INFO DAGScheduler: Submitting 8 missing tasks from ResultStage 0 (MapPartitionsRDD[6] at json at NativeMethodAccessorImpl.java:0) (first 15 tasks are for partitions Vector(0, 1, 2, 3, 4, 5, 6, 7))
24/08/02 02:26:12 INFO TaskSchedulerImpl: Adding task set 0.0 with 8 tasks resource profile 0
24/08/02 02:26:12 INFO TaskSetManager: Starting task 0.0 in stage 0.0 (TID 0) (25b4daa2e4d0, executor driver, partition 0, PROCESS_LOCAL, 7595 bytes) 
24/08/02 02:26:12 INFO TaskSetManager: Starting task 1.0 in stage 0.0 (TID 1) (25b4daa2e4d0, executor driver, partition 1, PROCESS_LOCAL, 7595 bytes) 
24/08/02 02:26:12 INFO TaskSetManager: Starting task 2.0 in stage 0.0 (TID 2) (25b4daa2e4d0, executor driver, partition 2, PROCESS_LOCAL, 7595 bytes) 
24/08/02 02:26:12 INFO TaskSetManager: Starting task 3.0 in stage 0.0 (TID 3) (25b4daa2e4d0, executor driver, partition 3, PROCESS_LOCAL, 7595 bytes) 
24/08/02 02:26:12 INFO TaskSetManager: Starting task 4.0 in stage 0.0 (TID 4) (25b4daa2e4d0, executor driver, partition 4, PROCESS_LOCAL, 7595 bytes) 
24/08/02 02:26:12 INFO TaskSetManager: Starting task 5.0 in stage 0.0 (TID 5) (25b4daa2e4d0, executor driver, partition 5, PROCESS_LOCAL, 7595 bytes) 
24/08/02 02:26:12 INFO TaskSetManager: Starting task 6.0 in stage 0.0 (TID 6) (25b4daa2e4d0, executor driver, partition 6, PROCESS_LOCAL, 7595 bytes) 
24/08/02 02:26:12 INFO TaskSetManager: Starting task 7.0 in stage 0.0 (TID 7) (25b4daa2e4d0, executor driver, partition 7, PROCESS_LOCAL, 8110 bytes) 
24/08/02 02:26:12 INFO Executor: Running task 6.0 in stage 0.0 (TID 6)
24/08/02 02:26:12 INFO Executor: Running task 1.0 in stage 0.0 (TID 1)
24/08/02 02:26:12 INFO Executor: Running task 7.0 in stage 0.0 (TID 7)
24/08/02 02:26:12 INFO Executor: Running task 5.0 in stage 0.0 (TID 5)
24/08/02 02:26:12 INFO Executor: Running task 4.0 in stage 0.0 (TID 4)
24/08/02 02:26:12 INFO Executor: Running task 3.0 in stage 0.0 (TID 3)
24/08/02 02:26:12 INFO Executor: Running task 0.0 in stage 0.0 (TID 0)
24/08/02 02:26:12 INFO Executor: Running task 2.0 in stage 0.0 (TID 2)
24/08/02 02:26:13 INFO CodeGenerator: Code generated in 117.43869 ms
24/08/02 02:26:13 INFO PythonRunner: Times: total = 750, boot = 554, init = 196, finish = 0
24/08/02 02:26:13 INFO PythonRunner: Times: total = 742, boot = 557, init = 185, finish = 0
24/08/02 02:26:13 INFO PythonRunner: Times: total = 760, boot = 569, init = 191, finish = 0
24/08/02 02:26:13 INFO PythonRunner: Times: total = 790, boot = 561, init = 229, finish = 0
24/08/02 02:26:13 INFO PythonRunner: Times: total = 794, boot = 564, init = 230, finish = 0
24/08/02 02:26:13 INFO PythonRunner: Times: total = 794, boot = 576, init = 218, finish = 0
24/08/02 02:26:13 INFO Executor: Finished task 4.0 in stage 0.0 (TID 4). 1979 bytes result sent to driver
24/08/02 02:26:13 INFO Executor: Finished task 6.0 in stage 0.0 (TID 6). 1979 bytes result sent to driver
24/08/02 02:26:13 INFO Executor: Finished task 1.0 in stage 0.0 (TID 1). 1979 bytes result sent to driver
24/08/02 02:26:13 INFO Executor: Finished task 7.0 in stage 0.0 (TID 7). 2755 bytes result sent to driver
24/08/02 02:26:13 INFO Executor: Finished task 2.0 in stage 0.0 (TID 2). 1979 bytes result sent to driver
24/08/02 02:26:13 INFO Executor: Finished task 0.0 in stage 0.0 (TID 0). 1979 bytes result sent to driver
24/08/02 02:26:13 INFO TaskSetManager: Finished task 6.0 in stage 0.0 (TID 6) in 1113 ms on 25b4daa2e4d0 (executor driver) (1/8)
24/08/02 02:26:13 INFO PythonRunner: Times: total = 863, boot = 601, init = 262, finish = 0
24/08/02 02:26:13 INFO TaskSetManager: Finished task 4.0 in stage 0.0 (TID 4) in 1131 ms on 25b4daa2e4d0 (executor driver) (2/8)
24/08/02 02:26:13 INFO TaskSetManager: Finished task 0.0 in stage 0.0 (TID 0) in 1148 ms on 25b4daa2e4d0 (executor driver) (3/8)
24/08/02 02:26:13 INFO Executor: Finished task 5.0 in stage 0.0 (TID 5). 1979 bytes result sent to driver
24/08/02 02:26:13 INFO TaskSetManager: Finished task 7.0 in stage 0.0 (TID 7) in 1132 ms on 25b4daa2e4d0 (executor driver) (4/8)
24/08/02 02:26:13 INFO TaskSetManager: Finished task 1.0 in stage 0.0 (TID 1) in 1137 ms on 25b4daa2e4d0 (executor driver) (5/8)
24/08/02 02:26:13 INFO TaskSetManager: Finished task 2.0 in stage 0.0 (TID 2) in 1138 ms on 25b4daa2e4d0 (executor driver) (6/8)
24/08/02 02:26:13 INFO PythonAccumulatorV2: Connected to AccumulatorServer at host: 127.0.0.1 port: 50789
24/08/02 02:26:13 INFO TaskSetManager: Finished task 5.0 in stage 0.0 (TID 5) in 1141 ms on 25b4daa2e4d0 (executor driver) (7/8)
24/08/02 02:26:13 INFO PythonRunner: Times: total = 904, boot = 617, init = 287, finish = 0
24/08/02 02:26:13 INFO Executor: Finished task 3.0 in stage 0.0 (TID 3). 1936 bytes result sent to driver
24/08/02 02:26:13 INFO TaskSetManager: Finished task 3.0 in stage 0.0 (TID 3) in 1169 ms on 25b4daa2e4d0 (executor driver) (8/8)
24/08/02 02:26:13 INFO TaskSchedulerImpl: Removed TaskSet 0.0, whose tasks have all completed, from pool 
24/08/02 02:26:13 INFO DAGScheduler: ResultStage 0 (json at NativeMethodAccessorImpl.java:0) finished in 1.391 s
24/08/02 02:26:13 INFO DAGScheduler: Job 0 is finished. Cancelling potential speculative or zombie tasks for this job
24/08/02 02:26:13 INFO TaskSchedulerImpl: Killing all running tasks in stage 0: Stage finished
24/08/02 02:26:13 INFO DAGScheduler: Job 0 finished: json at NativeMethodAccessorImpl.java:0, took 1.437965 s
24/08/02 02:26:14 INFO StateStoreCoordinatorRef: Registered StateStoreCoordinator endpoint
24/08/02 02:26:14 WARN ResolveWriteToStream: Temporary checkpoint location created which is deleted normally when the query didn't fail: /tmp/temporary-4e7bb4da-df09-412c-870d-a56f466ecc3f. If it's required to delete it under any circumstances, please set spark.sql.streaming.forceDeleteTempCheckpointLocation to true. Important to know deleting temp checkpoint folder is best effort.
24/08/02 02:26:14 INFO ResolveWriteToStream: Checkpoint root file:///tmp/temporary-4e7bb4da-df09-412c-870d-a56f466ecc3f resolved to file:/tmp/temporary-4e7bb4da-df09-412c-870d-a56f466ecc3f.
24/08/02 02:26:14 WARN ResolveWriteToStream: spark.sql.adaptive.enabled is not supported in streaming DataFrames/Datasets and will be disabled.
24/08/02 02:26:14 INFO CheckpointFileManager: Writing atomically to file:/tmp/temporary-4e7bb4da-df09-412c-870d-a56f466ecc3f/metadata using temp file file:/tmp/temporary-4e7bb4da-df09-412c-870d-a56f466ecc3f/.metadata.c7a8647b-0338-4bb8-94dd-07c1f315d7d9.tmp
24/08/02 02:26:14 INFO CheckpointFileManager: Renamed temp file file:/tmp/temporary-4e7bb4da-df09-412c-870d-a56f466ecc3f/.metadata.c7a8647b-0338-4bb8-94dd-07c1f315d7d9.tmp to file:/tmp/temporary-4e7bb4da-df09-412c-870d-a56f466ecc3f/metadata
24/08/02 02:26:14 INFO MicroBatchExecution: Starting [id = f97a2067-dbfa-441f-8f9a-5fd60c12cd2b, runId = 22f3a111-147f-477f-aff7-3477bdaa9d84]. Use file:/tmp/temporary-4e7bb4da-df09-412c-870d-a56f466ecc3f to store the query checkpoint.
24/08/02 02:26:14 INFO MicroBatchExecution: Reading table [org.apache.spark.sql.kafka010.KafkaSourceProvider$KafkaTable@312d8304] from DataSourceV2 named 'kafka' [org.apache.spark.sql.kafka010.KafkaSourceProvider@51ad9ae3]
24/08/02 02:26:14 INFO OffsetSeqLog: BatchIds found from listing: 
24/08/02 02:26:14 INFO OffsetSeqLog: BatchIds found from listing: 
24/08/02 02:26:14 INFO MicroBatchExecution: Starting new streaming query.
24/08/02 02:26:14 INFO MicroBatchExecution: Stream started from {}
24/08/02 02:26:14 INFO AdminClientConfig: AdminClientConfig values: 
	bootstrap.servers = [kafka:9092]
	client.dns.lookup = use_all_dns_ips
	client.id = 
	connections.max.idle.ms = 300000
	default.api.timeout.ms = 60000
	metadata.max.age.ms = 300000
	metric.reporters = []
	metrics.num.samples = 2
	metrics.recording.level = INFO
	metrics.sample.window.ms = 30000
	receive.buffer.bytes = 65536
	reconnect.backoff.max.ms = 1000
	reconnect.backoff.ms = 50
	request.timeout.ms = 30000
	retries = 2147483647
	retry.backoff.ms = 100
	sasl.client.callback.handler.class = null
	sasl.jaas.config = null
	sasl.kerberos.kinit.cmd = /usr/bin/kinit
	sasl.kerberos.min.time.before.relogin = 60000
	sasl.kerberos.service.name = null
	sasl.kerberos.ticket.renew.jitter = 0.05
	sasl.kerberos.ticket.renew.window.factor = 0.8
	sasl.login.callback.handler.class = null
	sasl.login.class = null
	sasl.login.refresh.buffer.seconds = 300
	sasl.login.refresh.min.period.seconds = 60
	sasl.login.refresh.window.factor = 0.8
	sasl.login.refresh.window.jitter = 0.05
	sasl.mechanism = GSSAPI
	security.protocol = PLAINTEXT
	security.providers = null
	send.buffer.bytes = 131072
	socket.connection.setup.timeout.max.ms = 30000
	socket.connection.setup.timeout.ms = 10000
	ssl.cipher.suites = null
	ssl.enabled.protocols = [TLSv1.2, TLSv1.3]
	ssl.endpoint.identification.algorithm = https
	ssl.engine.factory.class = null
	ssl.key.password = null
	ssl.keymanager.algorithm = SunX509
	ssl.keystore.certificate.chain = null
	ssl.keystore.key = null
	ssl.keystore.location = null
	ssl.keystore.password = null
	ssl.keystore.type = JKS
	ssl.protocol = TLSv1.3
	ssl.provider = null
	ssl.secure.random.implementation = null
	ssl.trustmanager.algorithm = PKIX
	ssl.truststore.certificates = null
	ssl.truststore.location = null
	ssl.truststore.password = null
	ssl.truststore.type = JKS

24/08/02 02:26:14 INFO BlockManagerInfo: Removed broadcast_0_piece0 on 25b4daa2e4d0:33627 in memory (size: 10.3 KiB, free: 434.4 MiB)
24/08/02 02:26:14 WARN AdminClientConfig: The configuration 'key.deserializer' was supplied but isn't a known config.
24/08/02 02:26:14 WARN AdminClientConfig: The configuration 'value.deserializer' was supplied but isn't a known config.
24/08/02 02:26:14 WARN AdminClientConfig: The configuration 'enable.auto.commit' was supplied but isn't a known config.
24/08/02 02:26:14 WARN AdminClientConfig: The configuration 'max.poll.records' was supplied but isn't a known config.
24/08/02 02:26:14 WARN AdminClientConfig: The configuration 'auto.offset.reset' was supplied but isn't a known config.
24/08/02 02:26:14 INFO AppInfoParser: Kafka version: 2.8.1
24/08/02 02:26:14 INFO AppInfoParser: Kafka commitId: 839b886f9b732b15
24/08/02 02:26:14 INFO AppInfoParser: Kafka startTimeMs: 1722565574737
24/08/02 02:26:15 INFO CheckpointFileManager: Writing atomically to file:/tmp/temporary-4e7bb4da-df09-412c-870d-a56f466ecc3f/sources/0/0 using temp file file:/tmp/temporary-4e7bb4da-df09-412c-870d-a56f466ecc3f/sources/0/.0.7f190a98-999f-4547-ac94-96673fb37c3f.tmp
24/08/02 02:26:15 INFO CheckpointFileManager: Renamed temp file file:/tmp/temporary-4e7bb4da-df09-412c-870d-a56f466ecc3f/sources/0/.0.7f190a98-999f-4547-ac94-96673fb37c3f.tmp to file:/tmp/temporary-4e7bb4da-df09-412c-870d-a56f466ecc3f/sources/0/0
24/08/02 02:26:15 INFO KafkaMicroBatchStream: Initial offsets: {"bank-transactions":{"0":2}}
24/08/02 02:26:15 INFO CheckpointFileManager: Writing atomically to file:/tmp/temporary-4e7bb4da-df09-412c-870d-a56f466ecc3f/offsets/0 using temp file file:/tmp/temporary-4e7bb4da-df09-412c-870d-a56f466ecc3f/offsets/.0.a8e77556-0840-46f5-8068-9b3ab680689c.tmp
24/08/02 02:26:15 INFO CheckpointFileManager: Renamed temp file file:/tmp/temporary-4e7bb4da-df09-412c-870d-a56f466ecc3f/offsets/.0.a8e77556-0840-46f5-8068-9b3ab680689c.tmp to file:/tmp/temporary-4e7bb4da-df09-412c-870d-a56f466ecc3f/offsets/0
24/08/02 02:26:15 INFO MicroBatchExecution: Committed offsets for batch 0. Metadata OffsetSeqMetadata(0,1722565575366,Map(spark.sql.streaming.stateStore.providerClass -> org.apache.spark.sql.execution.streaming.state.HDFSBackedStateStoreProvider, spark.sql.streaming.join.stateFormatVersion -> 2, spark.sql.streaming.stateStore.compression.codec -> lz4, spark.sql.streaming.stateStore.rocksdb.formatVersion -> 5, spark.sql.streaming.statefulOperator.useStrictDistribution -> true, spark.sql.streaming.flatMapGroupsWithState.stateFormatVersion -> 2, spark.sql.streaming.multipleWatermarkPolicy -> min, spark.sql.streaming.aggregation.stateFormatVersion -> 2, spark.sql.shuffle.partitions -> 200))
24/08/02 02:26:15 INFO KafkaOffsetReaderAdmin: Partitions added: Map()
24/08/02 02:26:15 INFO KafkaOffsetReaderAdmin: Partitions added: Map()
24/08/02 02:26:15 INFO KafkaOffsetReaderAdmin: Partitions added: Map()
24/08/02 02:26:15 INFO KafkaOffsetReaderAdmin: Partitions added: Map()
24/08/02 02:26:15 INFO CodeGenerator: Code generated in 27.043268 ms
24/08/02 02:26:16 INFO CatalogUtil: Loading custom FileIO implementation: org.apache.iceberg.aws.s3.S3FileIO
24/08/02 02:26:17 INFO BaseMetastoreCatalog: Table properties set at catalog level through catalog properties: {gc.enabled=false, write.metadata.delete-after-commit.enabled=false}
24/08/02 02:26:17 INFO BaseMetastoreCatalog: Table properties enforced at catalog level through catalog properties: {}
24/08/02 02:26:19 INFO NessieIcebergClient: Committed 'transactions' against 'Branch{name=main, metadata=null, hash=34e5fafd11b023ee932a4850418c4083d50385bf20680ceee5e020b9cb39a969}', expected commit-id was '2e1cfa82b035c26cbbbdae632cea070514eb8b773f616aaeaf668e2f0be8f10d'
24/08/02 02:26:19 INFO BaseMetastoreTableOperations: Successfully committed to table transactions in 1451 ms
24/08/02 02:26:19 INFO BaseMetastoreTableOperations: Refreshing table metadata from new version: s3://warehouse/transactions_8be7b8b1-960a-4825-9af7-2c1bff9859ca/metadata/00000-bc92fbdb-f8fd-45e3-a570-719038b21f3d.metadata.json
24/08/02 02:26:19 INFO NessieUtil: loadTableMetadata for 'transactions' from location 's3://warehouse/transactions_8be7b8b1-960a-4825-9af7-2c1bff9859ca/metadata/00000-bc92fbdb-f8fd-45e3-a570-719038b21f3d.metadata.json' at 'Branch{name=main, metadata=null, hash=34e5fafd11b023ee932a4850418c4083d50385bf20680ceee5e020b9cb39a969}'
24/08/02 02:26:19 INFO CatalogUtil: Loading custom FileIO implementation: org.apache.iceberg.aws.s3.S3FileIO
24/08/02 02:26:19 INFO BaseMetastoreTableOperations: Refreshing table metadata from new version: s3://warehouse/transactions_8be7b8b1-960a-4825-9af7-2c1bff9859ca/metadata/00000-bc92fbdb-f8fd-45e3-a570-719038b21f3d.metadata.json
24/08/02 02:26:19 INFO NessieUtil: loadTableMetadata for 'transactions' from location 's3://warehouse/transactions_8be7b8b1-960a-4825-9af7-2c1bff9859ca/metadata/00000-bc92fbdb-f8fd-45e3-a570-719038b21f3d.metadata.json' at 'Branch{name=main, metadata=null, hash=34e5fafd11b023ee932a4850418c4083d50385bf20680ceee5e020b9cb39a969}'
24/08/02 02:26:19 INFO BaseMetastoreCatalog: Table loaded by catalog: nessie.transactions
24/08/02 02:26:19 INFO SparkWrite: Requesting 0 bytes advisory partition size for table nessie.transactions
24/08/02 02:26:19 INFO SparkWrite: Requesting UnspecifiedDistribution as write distribution for table nessie.transactions
24/08/02 02:26:19 INFO SparkWrite: Requesting [] as write ordering for table nessie.transactions
24/08/02 02:26:19 INFO CodeGenerator: Code generated in 17.506147 ms
24/08/02 02:26:19 INFO MemoryStore: Block broadcast_1 stored as values in memory (estimated size 32.0 KiB, free 434.4 MiB)
24/08/02 02:26:19 INFO MemoryStore: Block broadcast_1_piece0 stored as bytes in memory (estimated size 3.3 KiB, free 434.4 MiB)
24/08/02 02:26:19 INFO BlockManagerInfo: Added broadcast_1_piece0 in memory on 25b4daa2e4d0:33627 (size: 3.3 KiB, free: 434.4 MiB)
24/08/02 02:26:19 INFO SparkContext: Created broadcast 1 from start at NativeMethodAccessorImpl.java:0
24/08/02 02:26:19 INFO AppendDataExec: Start processing data source write support: IcebergBatchWrite(table=nessie.transactions, format=PARQUET). The input RDD has 1 partitions.
24/08/02 02:26:19 INFO SparkContext: Starting job: start at NativeMethodAccessorImpl.java:0
24/08/02 02:26:19 INFO DAGScheduler: Got job 1 (start at NativeMethodAccessorImpl.java:0) with 1 output partitions
24/08/02 02:26:19 INFO DAGScheduler: Final stage: ResultStage 1 (start at NativeMethodAccessorImpl.java:0)
24/08/02 02:26:19 INFO DAGScheduler: Parents of final stage: List()
24/08/02 02:26:19 INFO DAGScheduler: Missing parents: List()
24/08/02 02:26:19 INFO DAGScheduler: Submitting ResultStage 1 (ParallelCollectionRDD[17] at start at NativeMethodAccessorImpl.java:0), which has no missing parents
24/08/02 02:26:19 INFO MemoryStore: Block broadcast_2 stored as values in memory (estimated size 6.4 KiB, free 434.4 MiB)
24/08/02 02:26:19 INFO MemoryStore: Block broadcast_2_piece0 stored as bytes in memory (estimated size 3.7 KiB, free 434.4 MiB)
24/08/02 02:26:19 INFO BlockManagerInfo: Added broadcast_2_piece0 in memory on 25b4daa2e4d0:33627 (size: 3.7 KiB, free: 434.4 MiB)
24/08/02 02:26:19 INFO SparkContext: Created broadcast 2 from broadcast at DAGScheduler.scala:1585
24/08/02 02:26:19 INFO DAGScheduler: Submitting 1 missing tasks from ResultStage 1 (ParallelCollectionRDD[17] at start at NativeMethodAccessorImpl.java:0) (first 15 tasks are for partitions Vector(0))
24/08/02 02:26:19 INFO TaskSchedulerImpl: Adding task set 1.0 with 1 tasks resource profile 0
24/08/02 02:26:19 INFO TaskSetManager: Starting task 0.0 in stage 1.0 (TID 8) (25b4daa2e4d0, executor driver, partition 0, PROCESS_LOCAL, 7636 bytes) 
24/08/02 02:26:19 INFO Executor: Running task 0.0 in stage 1.0 (TID 8)
24/08/02 02:26:19 INFO CodecPool: Got brand-new compressor [.zstd]
24/08/02 02:26:20 INFO DataWritingSparkTask: Writer for partition 0 is committing.
24/08/02 02:26:20 INFO DataWritingSparkTask: Committed partition 0 (task 8, attempt 0, stage 1.0)
24/08/02 02:26:20 INFO Executor: Finished task 0.0 in stage 1.0 (TID 8). 1254 bytes result sent to driver
24/08/02 02:26:20 INFO TaskSetManager: Finished task 0.0 in stage 1.0 (TID 8) in 866 ms on 25b4daa2e4d0 (executor driver) (1/1)
24/08/02 02:26:20 INFO TaskSchedulerImpl: Removed TaskSet 1.0, whose tasks have all completed, from pool 
24/08/02 02:26:20 INFO DAGScheduler: ResultStage 1 (start at NativeMethodAccessorImpl.java:0) finished in 0.877 s
24/08/02 02:26:20 INFO DAGScheduler: Job 1 is finished. Cancelling potential speculative or zombie tasks for this job
24/08/02 02:26:20 INFO TaskSchedulerImpl: Killing all running tasks in stage 1: Stage finished
24/08/02 02:26:20 INFO DAGScheduler: Job 1 finished: start at NativeMethodAccessorImpl.java:0, took 0.884514 s
24/08/02 02:26:20 INFO AppendDataExec: Data source write support IcebergBatchWrite(table=nessie.transactions, format=PARQUET) is committing.
24/08/02 02:26:20 INFO SparkWrite: Committing append with 0 new data files to table nessie.transactions
24/08/02 02:26:20 INFO NessieIcebergClient: Committed 'transactions' against 'Branch{name=main, metadata=null, hash=90c9be0931581fc60dad8fb5e1e3963618f227243766a814b1c524786404ca22}', expected commit-id was '34e5fafd11b023ee932a4850418c4083d50385bf20680ceee5e020b9cb39a969'
24/08/02 02:26:20 INFO BaseMetastoreTableOperations: Successfully committed to table transactions in 80 ms
24/08/02 02:26:20 INFO SnapshotProducer: Committed snapshot 4325195930112372238 (MergeAppend)
24/08/02 02:26:20 INFO BaseMetastoreTableOperations: Refreshing table metadata from new version: s3://warehouse/transactions_8be7b8b1-960a-4825-9af7-2c1bff9859ca/metadata/00001-bfe80b1d-6b76-483a-95a3-f46a3e0d8e50.metadata.json
24/08/02 02:26:21 INFO NessieUtil: loadTableMetadata for 'transactions' from location 's3://warehouse/transactions_8be7b8b1-960a-4825-9af7-2c1bff9859ca/metadata/00001-bfe80b1d-6b76-483a-95a3-f46a3e0d8e50.metadata.json' at 'Branch{name=main, metadata=null, hash=90c9be0931581fc60dad8fb5e1e3963618f227243766a814b1c524786404ca22}'
24/08/02 02:26:21 INFO LoggingMetricsReporter: Received metrics report: CommitReport{tableName=nessie.transactions, snapshotId=4325195930112372238, sequenceNumber=1, operation=append, commitMetrics=CommitMetricsResult{totalDuration=TimerResult{timeUnit=NANOSECONDS, totalDuration=PT0.52734376S, count=1}, attempts=CounterResult{unit=COUNT, value=1}, addedDataFiles=null, removedDataFiles=null, totalDataFiles=CounterResult{unit=COUNT, value=0}, addedDeleteFiles=null, addedEqualityDeleteFiles=null, addedPositionalDeleteFiles=null, removedDeleteFiles=null, removedEqualityDeleteFiles=null, removedPositionalDeleteFiles=null, totalDeleteFiles=CounterResult{unit=COUNT, value=0}, addedRecords=null, removedRecords=null, totalRecords=CounterResult{unit=COUNT, value=0}, addedFilesSizeInBytes=null, removedFilesSizeInBytes=null, totalFilesSizeInBytes=CounterResult{unit=BYTES, value=0}, addedPositionalDeletes=null, removedPositionalDeletes=null, totalPositionalDeletes=CounterResult{unit=COUNT, value=0}, addedEqualityDeletes=null, removedEqualityDeletes=null, totalEqualityDeletes=CounterResult{unit=COUNT, value=0}}, metadata={engine-version=3.5.1, app-id=local-1722565567396, engine-name=spark, iceberg-version=Apache Iceberg 1.5.2 (commit cbb853073e681b4075d7c8707610dceecbee3a82)}}
24/08/02 02:26:21 INFO SparkWrite: Committed in 598 ms
24/08/02 02:26:21 INFO AppendDataExec: Data source write support IcebergBatchWrite(table=nessie.transactions, format=PARQUET) committed.
24/08/02 02:26:21 INFO CheckpointFileManager: Writing atomically to file:/tmp/temporary-4e7bb4da-df09-412c-870d-a56f466ecc3f/commits/0 using temp file file:/tmp/temporary-4e7bb4da-df09-412c-870d-a56f466ecc3f/commits/.0.5b772ae4-047c-476d-a8de-e6edb07aed17.tmp
24/08/02 02:26:21 INFO CheckpointFileManager: Renamed temp file file:/tmp/temporary-4e7bb4da-df09-412c-870d-a56f466ecc3f/commits/.0.5b772ae4-047c-476d-a8de-e6edb07aed17.tmp to file:/tmp/temporary-4e7bb4da-df09-412c-870d-a56f466ecc3f/commits/0
24/08/02 02:26:21 INFO MicroBatchExecution: Streaming query made progress: {
  "id" : "f97a2067-dbfa-441f-8f9a-5fd60c12cd2b",
  "runId" : "22f3a111-147f-477f-aff7-3477bdaa9d84",
  "name" : null,
  "timestamp" : "2024-08-02T02:26:14.363Z",
  "batchId" : 0,
  "numInputRows" : 0,
  "inputRowsPerSecond" : 0.0,
  "processedRowsPerSecond" : 0.0,
  "durationMs" : {
    "addBatch" : 5536,
    "commitOffsets" : 31,
    "getBatch" : 23,
    "latestOffset" : 967,
    "queryPlanning" : 181,
    "triggerExecution" : 6890,
    "walCommit" : 82
  },
  "stateOperators" : [ ],
  "sources" : [ {
    "description" : "KafkaV2[Subscribe[bank-transactions]]",
    "startOffset" : null,
    "endOffset" : {
      "bank-transactions" : {
        "0" : 2
      }
    },
    "latestOffset" : {
      "bank-transactions" : {
        "0" : 2
      }
    },
    "numInputRows" : 0,
    "inputRowsPerSecond" : 0.0,
    "processedRowsPerSecond" : 0.0,
    "metrics" : {
      "avgOffsetsBehindLatest" : "0.0",
      "maxOffsetsBehindLatest" : "0",
      "minOffsetsBehindLatest" : "0"
    }
  } ],
  "sink" : {
    "description" : "ForeachBatchSink",
    "numOutputRows" : -1
  }
}
24/08/02 02:26:25 INFO BlockManagerInfo: Removed broadcast_1_piece0 on 25b4daa2e4d0:33627 in memory (size: 3.3 KiB, free: 434.4 MiB)
24/08/02 02:26:26 INFO BlockManagerInfo: Removed broadcast_2_piece0 on 25b4daa2e4d0:33627 in memory (size: 3.7 KiB, free: 434.4 MiB)
24/08/02 02:26:31 INFO MicroBatchExecution: Streaming query has been idle and waiting for new data more than 10000 ms.
24/08/02 02:26:41 INFO MicroBatchExecution: Streaming query has been idle and waiting for new data more than 10000 ms.
24/08/02 02:26:51 INFO MicroBatchExecution: Streaming query has been idle and waiting for new data more than 10000 ms.
24/08/02 02:27:01 INFO MicroBatchExecution: Streaming query has been idle and waiting for new data more than 10000 ms.
24/08/02 02:27:11 INFO MicroBatchExecution: Streaming query has been idle and waiting for new data more than 10000 ms.
24/08/02 02:27:21 INFO MicroBatchExecution: Streaming query has been idle and waiting for new data more than 10000 ms.
24/08/02 02:27:31 INFO MicroBatchExecution: Streaming query has been idle and waiting for new data more than 10000 ms.
^CERROR:root:Exception while sending command.
Traceback (most recent call last):
  File "/opt/spark/python/lib/py4j-0.10.9.7-src.zip/py4j/clientserver.py", line 511, in send_command
    answer = smart_decode(self.stream.readline()[:-1])
RuntimeError: reentrant call inside <_io.BufferedReader name=3>

During handling of the above exception, another exception occurred:

Traceback (most recent call last):
  File "/opt/spark/python/lib/py4j-0.10.9.7-src.zip/py4j/java_gateway.py", line 1038, in send_command
    response = connection.send_command(command)
  File "/opt/spark/python/lib/py4j-0.10.9.7-src.zip/py4j/clientserver.py", line 539, in send_command
    raise Py4JNetworkError(
py4j.protocol.Py4JNetworkError: Error while sending or receiving
ERROR:root:Exception while sending command.
Traceback (most recent call last):
  File "/opt/spark/python/lib/py4j-0.10.9.7-src.zip/py4j/clientserver.py", line 511, in send_command
    answer = smart_decode(self.stream.readline()[:-1])
  File "/usr/local/lib/python3.10/socket.py", line 705, in readinto
    return self._sock.recv_into(b)
  File "/opt/spark/python/lib/pyspark.zip/pyspark/context.py", line 381, in signal_handler
    self.cancelAllJobs()
  File "/opt/spark/python/lib/pyspark.zip/pyspark/context.py", line 2446, in cancelAllJobs
    self._jsc.sc().cancelAllJobs()
  File "/opt/spark/python/lib/py4j-0.10.9.7-src.zip/py4j/java_gateway.py", line 1322, in __call__
    return_value = get_return_value(
  File "/opt/spark/python/lib/pyspark.zip/pyspark/errors/exceptions/captured.py", line 179, in deco
    return f(*a, **kw)
  File "/opt/spark/python/lib/py4j-0.10.9.7-src.zip/py4j/protocol.py", line 334, in get_return_value
    raise Py4JError(
py4j.protocol.Py4JError: An error occurred while calling o36.sc

During handling of the above exception, another exception occurred:

Traceback (most recent call last):
  File "/opt/spark/python/lib/py4j-0.10.9.7-src.zip/py4j/java_gateway.py", line 1038, in send_command
    response = connection.send_command(command)
  File "/opt/spark/python/lib/py4j-0.10.9.7-src.zip/py4j/clientserver.py", line 539, in send_command
    raise Py4JNetworkError(
py4j.protocol.Py4JNetworkError: Error while sending or receiving
Traceback (most recent call last):
  File "/includes/test-with-kafka/test-with-kafka.py", line 92, in <module>
    query.awaitTermination()
  File "/opt/spark/python/lib/pyspark.zip/pyspark/sql/streaming/query.py", line 221, in awaitTermination
  File "/opt/spark/python/lib/py4j-0.10.9.7-src.zip/py4j/java_gateway.py", line 1322, in __call__
  File "/opt/spark/python/lib/pyspark.zip/pyspark/errors/exceptions/captured.py", line 179, in deco
  File "/opt/spark/python/lib/py4j-0.10.9.7-src.zip/py4j/protocol.py", line 334, in get_return_value
py4j.protocol.Py4JError: An error occurred while calling o89.awaitTermination
24/08/02 02:27:39 INFO SparkContext: Invoking stop() from shutdown hook
24/08/02 02:27:39 INFO SparkContext: SparkContext is stopping with exitCode 0.
24/08/02 02:27:39 INFO SparkUI: Stopped Spark web UI at http://25b4daa2e4d0:4041
24/08/02 02:27:39 INFO MapOutputTrackerMasterEndpoint: MapOutputTrackerMasterEndpoint stopped!
24/08/02 02:27:39 INFO MemoryStore: MemoryStore cleared
24/08/02 02:27:39 INFO BlockManager: BlockManager stopped
24/08/02 02:27:39 INFO BlockManagerMaster: BlockManagerMaster stopped
24/08/02 02:27:39 INFO OutputCommitCoordinator$OutputCommitCoordinatorEndpoint: OutputCommitCoordinator stopped!
24/08/02 02:27:39 INFO SparkContext: Successfully stopped SparkContext
24/08/02 02:27:39 INFO ShutdownHookManager: Shutdown hook called
24/08/02 02:27:39 INFO ShutdownHookManager: Deleting directory /tmp/spark-cd4d75fc-9b27-4de7-a6b0-9a34fe19ea45/pyspark-82ab1ee9-af6f-4fbe-a257-130e6d268877
24/08/02 02:27:39 INFO ShutdownHookManager: Deleting directory /tmp/spark-cd4d75fc-9b27-4de7-a6b0-9a34fe19ea45
24/08/02 02:27:39 INFO ShutdownHookManager: Deleting directory /tmp/temporary-4e7bb4da-df09-412c-870d-a56f466ecc3f
24/08/02 02:27:39 INFO ShutdownHookManager: Deleting directory /tmp/spark-8df69807-79e7-4862-bb5b-42338a689102
